08:47:59,119 [ INFO] Neither @ContextConfiguration nor @ContextHierarchy found for test class [org.sakki.docker.SbtDockerApplicationTests], using SpringBootContextLoader
08:47:59,131 [ INFO] Could not detect default resource locations for test class [org.sakki.docker.SbtDockerApplicationTests]: no resource found for suffixes {-context.xml, Context.groovy}.
08:47:59,132 [ INFO] Could not detect default configuration classes for test class [org.sakki.docker.SbtDockerApplicationTests]: SbtDockerApplicationTests does not declare any static, non-private, non-final, nested classes annotated with @Configuration.
08:47:59,390 [ INFO] Found @SpringBootConfiguration org.sakki.docker.SbtDockerApplication for test class org.sakki.docker.SbtDockerApplicationTests
08:47:59,599 [ INFO] Loaded default TestExecutionListener class names from location [META-INF/spring.factories]: [org.springframework.boot.test.mock.mockito.MockitoTestExecutionListener, org.springframework.boot.test.mock.mockito.ResetMocksTestExecutionListener, org.springframework.boot.test.autoconfigure.restdocs.RestDocsTestExecutionListener, org.springframework.boot.test.autoconfigure.web.client.MockRestServiceServerResetTestExecutionListener, org.springframework.boot.test.autoconfigure.web.servlet.MockMvcPrintOnlyOnFailureTestExecutionListener, org.springframework.boot.test.autoconfigure.web.servlet.WebDriverTestExecutionListener, org.springframework.test.context.web.ServletTestExecutionListener, org.springframework.test.context.support.DirtiesContextBeforeModesTestExecutionListener, org.springframework.test.context.support.DependencyInjectionTestExecutionListener, org.springframework.test.context.support.DirtiesContextTestExecutionListener, org.springframework.test.context.transaction.TransactionalTestExecutionListener, org.springframework.test.context.jdbc.SqlScriptsTestExecutionListener, org.springframework.test.context.event.EventPublishingTestExecutionListener]
08:47:59,845 [ INFO] Using TestExecutionListeners: [org.springframework.test.context.web.ServletTestExecutionListener@5852c06f, org.springframework.test.context.support.DirtiesContextBeforeModesTestExecutionListener@4149c063, org.springframework.boot.test.mock.mockito.MockitoTestExecutionListener@9cb8225, org.springframework.boot.test.autoconfigure.SpringBootDependencyInjectionTestExecutionListener@76b07f29, org.springframework.test.context.support.DirtiesContextTestExecutionListener@38af9828, org.springframework.test.context.event.EventPublishingTestExecutionListener@376a0d86, org.springframework.boot.test.mock.mockito.ResetMocksTestExecutionListener@62656be4, org.springframework.boot.test.autoconfigure.restdocs.RestDocsTestExecutionListener@17d919b6, org.springframework.boot.test.autoconfigure.web.client.MockRestServiceServerResetTestExecutionListener@53f3bdbd, org.springframework.boot.test.autoconfigure.web.servlet.MockMvcPrintOnlyOnFailureTestExecutionListener@34129c78, org.springframework.boot.test.autoconfigure.web.servlet.WebDriverTestExecutionListener@7d61eb55]
08:48:00,244 [ INFO] Starting SbtDockerApplicationTests on DESKTOP-O9JE55M with PID 9356 (started by serole_user in D:\Work\spr-boot-workspace\spring-boot-sample\sbt-docker)
08:48:00,245 [ INFO] The following profiles are active: test
08:48:01,912 [ INFO] Initializing ExecutorService 'applicationTaskExecutor'
08:48:02,376 [ INFO] Exposing 2 endpoint(s) beneath base path '/actuator'
08:48:02,458 [ INFO] Started SbtDockerApplicationTests in 2.519 seconds (JVM running for 4.59)
08:48:02,793 [ INFO] Shutting down ExecutorService 'applicationTaskExecutor'
09:09:38,580 [ INFO] Neither @ContextConfiguration nor @ContextHierarchy found for test class [org.sakki.docker.SbtDockerApplicationTests], using SpringBootContextLoader
09:09:38,609 [ INFO] Could not detect default resource locations for test class [org.sakki.docker.SbtDockerApplicationTests]: no resource found for suffixes {-context.xml, Context.groovy}.
09:09:38,610 [ INFO] Could not detect default configuration classes for test class [org.sakki.docker.SbtDockerApplicationTests]: SbtDockerApplicationTests does not declare any static, non-private, non-final, nested classes annotated with @Configuration.
09:09:38,872 [ INFO] Found @SpringBootConfiguration org.sakki.docker.SbtDockerApplication for test class org.sakki.docker.SbtDockerApplicationTests
09:09:39,25 [ INFO] Loaded default TestExecutionListener class names from location [META-INF/spring.factories]: [org.springframework.boot.test.mock.mockito.MockitoTestExecutionListener, org.springframework.boot.test.mock.mockito.ResetMocksTestExecutionListener, org.springframework.boot.test.autoconfigure.restdocs.RestDocsTestExecutionListener, org.springframework.boot.test.autoconfigure.web.client.MockRestServiceServerResetTestExecutionListener, org.springframework.boot.test.autoconfigure.web.servlet.MockMvcPrintOnlyOnFailureTestExecutionListener, org.springframework.boot.test.autoconfigure.web.servlet.WebDriverTestExecutionListener, org.springframework.test.context.web.ServletTestExecutionListener, org.springframework.test.context.support.DirtiesContextBeforeModesTestExecutionListener, org.springframework.test.context.support.DependencyInjectionTestExecutionListener, org.springframework.test.context.support.DirtiesContextTestExecutionListener, org.springframework.test.context.transaction.TransactionalTestExecutionListener, org.springframework.test.context.jdbc.SqlScriptsTestExecutionListener, org.springframework.test.context.event.EventPublishingTestExecutionListener]
09:09:39,37 [ INFO] Using TestExecutionListeners: [org.springframework.test.context.web.ServletTestExecutionListener@2c78324b, org.springframework.test.context.support.DirtiesContextBeforeModesTestExecutionListener@79defdc, org.springframework.boot.test.mock.mockito.MockitoTestExecutionListener@18317edc, org.springframework.boot.test.autoconfigure.SpringBootDependencyInjectionTestExecutionListener@4e0ae11f, org.springframework.test.context.support.DirtiesContextTestExecutionListener@238d68ff, org.springframework.test.context.event.EventPublishingTestExecutionListener@4b86805d, org.springframework.boot.test.mock.mockito.ResetMocksTestExecutionListener@5852c06f, org.springframework.boot.test.autoconfigure.restdocs.RestDocsTestExecutionListener@4149c063, org.springframework.boot.test.autoconfigure.web.client.MockRestServiceServerResetTestExecutionListener@9cb8225, org.springframework.boot.test.autoconfigure.web.servlet.MockMvcPrintOnlyOnFailureTestExecutionListener@76b07f29, org.springframework.boot.test.autoconfigure.web.servlet.WebDriverTestExecutionListener@38af9828]
09:09:39,507 [ INFO] Starting SbtDockerApplicationTests on DESKTOP-O9JE55M with PID 7996 (started by serole_user in D:\Work\spr-boot-workspace\spring-boot-sample\sbt-docker)
09:09:39,507 [ INFO] The following profiles are active: test
09:09:41,115 [ INFO] Initializing ExecutorService 'applicationTaskExecutor'
09:09:41,553 [ INFO] Exposing 2 endpoint(s) beneath base path '/actuator'
09:09:41,633 [ INFO] Started SbtDockerApplicationTests in 2.512 seconds (JVM running for 4.105)
09:09:42,45 [ INFO] Shutting down ExecutorService 'applicationTaskExecutor'
14:42:09,861 [ INFO] Neither @ContextConfiguration nor @ContextHierarchy found for test class [org.sakki.docker.SbtDockerApplicationTests], using SpringBootContextLoader
14:42:09,894 [ INFO] Could not detect default resource locations for test class [org.sakki.docker.SbtDockerApplicationTests]: no resource found for suffixes {-context.xml, Context.groovy}.
14:42:09,895 [ INFO] Could not detect default configuration classes for test class [org.sakki.docker.SbtDockerApplicationTests]: SbtDockerApplicationTests does not declare any static, non-private, non-final, nested classes annotated with @Configuration.
14:42:10,131 [ INFO] Found @SpringBootConfiguration org.sakki.docker.SbtDockerApplication for test class org.sakki.docker.SbtDockerApplicationTests
14:42:10,377 [ INFO] Loaded default TestExecutionListener class names from location [META-INF/spring.factories]: [org.springframework.boot.test.mock.mockito.MockitoTestExecutionListener, org.springframework.boot.test.mock.mockito.ResetMocksTestExecutionListener, org.springframework.boot.test.autoconfigure.restdocs.RestDocsTestExecutionListener, org.springframework.boot.test.autoconfigure.web.client.MockRestServiceServerResetTestExecutionListener, org.springframework.boot.test.autoconfigure.web.servlet.MockMvcPrintOnlyOnFailureTestExecutionListener, org.springframework.boot.test.autoconfigure.web.servlet.WebDriverTestExecutionListener, org.springframework.test.context.web.ServletTestExecutionListener, org.springframework.test.context.support.DirtiesContextBeforeModesTestExecutionListener, org.springframework.test.context.support.DependencyInjectionTestExecutionListener, org.springframework.test.context.support.DirtiesContextTestExecutionListener, org.springframework.test.context.transaction.TransactionalTestExecutionListener, org.springframework.test.context.jdbc.SqlScriptsTestExecutionListener, org.springframework.test.context.event.EventPublishingTestExecutionListener]
14:42:10,393 [ INFO] Using TestExecutionListeners: [org.springframework.test.context.web.ServletTestExecutionListener@2c78324b, org.springframework.test.context.support.DirtiesContextBeforeModesTestExecutionListener@79defdc, org.springframework.boot.test.mock.mockito.MockitoTestExecutionListener@18317edc, org.springframework.boot.test.autoconfigure.SpringBootDependencyInjectionTestExecutionListener@4e0ae11f, org.springframework.test.context.support.DirtiesContextTestExecutionListener@238d68ff, org.springframework.test.context.event.EventPublishingTestExecutionListener@4b86805d, org.springframework.boot.test.mock.mockito.ResetMocksTestExecutionListener@5852c06f, org.springframework.boot.test.autoconfigure.restdocs.RestDocsTestExecutionListener@4149c063, org.springframework.boot.test.autoconfigure.web.client.MockRestServiceServerResetTestExecutionListener@9cb8225, org.springframework.boot.test.autoconfigure.web.servlet.MockMvcPrintOnlyOnFailureTestExecutionListener@76b07f29, org.springframework.boot.test.autoconfigure.web.servlet.WebDriverTestExecutionListener@38af9828]
14:42:10,850 [ INFO] Starting SbtDockerApplicationTests on DESKTOP-O9JE55M with PID 8252 (started by serole_user in D:\Work\spr-boot-workspace\spring-boot-sample\sbt-docker)
14:42:10,850 [ INFO] The following profiles are active: test
14:42:13,75 [ INFO] Initializing ExecutorService 'applicationTaskExecutor'
14:42:13,685 [ INFO] Exposing 2 endpoint(s) beneath base path '/actuator'
14:42:13,760 [ INFO] Started SbtDockerApplicationTests in 3.268 seconds (JVM running for 6.248)
14:42:14,497 [ INFO] Shutting down ExecutorService 'applicationTaskExecutor'
